Symbol range map extraction starting
Processing 60 files
processing com/hzy/alchemycraft/AlchemyCraft.java
processing com/hzy/alchemycraft/blocks/ACBlocks.java
processing com/hzy/alchemycraft/blocks/AlchemyTable.java
processing com/hzy/alchemycraft/blocks/CHerbs.java
processing com/hzy/alchemycraft/blocks/Diffuser.java
processing com/hzy/alchemycraft/blocks/Distiller.java
processing com/hzy/alchemycraft/blocks/Herbs.java
processing com/hzy/alchemycraft/blocks/OreSetting.java
processing com/hzy/alchemycraft/blocks/Tripod.java
processing com/hzy/alchemycraft/container/ContainerAlchemyTable.java
processing com/hzy/alchemycraft/container/ContainerDistiller.java
processing com/hzy/alchemycraft/enchantments/EnchantmentSetting.java
processing com/hzy/alchemycraft/enetities/ACEntity.java
processing com/hzy/alchemycraft/enetities/mobs/EntityPsycheCreeper.java
processing com/hzy/alchemycraft/enetities/mobs/EntityPsycheSkeleton.java
processing com/hzy/alchemycraft/enetities/mobs/EntityPsycheWitch.java
processing com/hzy/alchemycraft/enetities/mobs/EntityPsycheZombie.java
processing com/hzy/alchemycraft/enetities/mobs/PsycheMob.java
processing com/hzy/alchemycraft/event/EnchEvent.java
processing com/hzy/alchemycraft/event/PotionEvent.java
processing com/hzy/alchemycraft/gui/GuiACBook.java
processing com/hzy/alchemycraft/gui/GuiAlchemyTable.java
processing com/hzy/alchemycraft/gui/GuiDistiller.java
processing com/hzy/alchemycraft/handler/CraftingHandler.java
processing com/hzy/alchemycraft/handler/GenerateHandler.java
processing com/hzy/alchemycraft/handler/GuiHandler.java
processing com/hzy/alchemycraft/handler/LibHandler.java
processing com/hzy/alchemycraft/handler/PlantMutandisHandler.java
processing com/hzy/alchemycraft/handler/SwordEnchHandler.java
processing com/hzy/alchemycraft/items/ACBook.java
processing com/hzy/alchemycraft/items/ACItems.java
processing com/hzy/alchemycraft/items/DistilledBottle.java
processing com/hzy/alchemycraft/items/HigherPhilosopherStone.java
processing com/hzy/alchemycraft/items/IngotPreciousMetal.java
processing com/hzy/alchemycraft/items/IngotSetting.java
processing com/hzy/alchemycraft/items/ItemPotion.java
processing com/hzy/alchemycraft/items/ItemPotionSetting.java
processing com/hzy/alchemycraft/items/PhilosopherStone.java
processing com/hzy/alchemycraft/items/PlantMutandis.java
processing com/hzy/alchemycraft/items/SettingMaterialBottle.java
processing com/hzy/alchemycraft/model/ModelDiffuser.java
processing com/hzy/alchemycraft/model/ModelDistiller.java
processing com/hzy/alchemycraft/potions/FlyingEffect.java
processing com/hzy/alchemycraft/proxy/ClientProxy.java
processing com/hzy/alchemycraft/proxy/CommonProxy.java
processing com/hzy/alchemycraft/recipes/AlchemyRecipes.java
processing com/hzy/alchemycraft/recipes/ConvertRecipes.java
processing com/hzy/alchemycraft/recipes/DistillerRecipes.java
processing com/hzy/alchemycraft/recipes/LowerConvertRecipes.java
processing com/hzy/alchemycraft/renderer/ItemRenderBlock.java
processing com/hzy/alchemycraft/renderer/RenderDiffuser.java
processing com/hzy/alchemycraft/renderer/RenderDistiller.java
processing com/hzy/alchemycraft/renderer/RenderTripod.java
processing com/hzy/alchemycraft/tileentity/TileEntityAlchemyTable.java
processing com/hzy/alchemycraft/tileentity/TileEntityDiffuserBlock.java
processing com/hzy/alchemycraft/tileentity/TileEntityDistillerBlock.java
processing com/hzy/alchemycraft/tileentity/TileEntityTripodBlock.java
processing com/hzy/alchemycraft/worldgen/WorldGenBushs.java
processing com/hzy/alchemycraft/worldgen/WorldGenHerbs.java
processing com/hzy/alchemycraft/worldgen/WorldGenOres.java
